This is pdfTeX, Version 3.14159265-2.6-1.40.15 (TeX Live 2014) (preloaded format=pdflatex 2014.5.25)  22 SEP 2014 16:00
entering extended mode
 restricted \write18 enabled.
 file:line:error style messages enabled.
 %&-line parsing enabled.
**AllegThesis.tex
(./AllegThesis.tex
LaTeX2e <2014/05/01>
Babel <3.9k> and hyphenation patterns for 78 languages loaded.
(/usr/local/texlive/2014/texmf-dist/tex/latex/base/report.cls
Document Class: report 2007/10/19 v1.4h Standard LaTeX document class
(/usr/local/texlive/2014/texmf-dist/tex/latex/base/size12.clo
File: size12.clo 2007/10/19 v1.4h Standard LaTeX file (size option)
)
\c@part=\count79
\c@chapter=\count80
\c@section=\count81
\c@subsection=\count82
\c@subsubsection=\count83
\c@paragraph=\count84
\c@subparagraph=\count85
\c@figure=\count86
\c@table=\count87
\abovecaptionskip=\skip41
\belowcaptionskip=\skip42
\bibindent=\dimen102
)
(./gatorthesis.sty
Package: gatorthesis 1997/11/25

Allegheny Thesis Style, $Revision: 1.0 $, by Andrew Thall (athall@allegheny.edu
)
(/usr/local/texlive/2014/texmf-dist/tex/latex/base/ifthen.sty
Package: ifthen 2001/05/26 v1.1c Standard LaTeX ifthen package (DPC)
)
(./doublespace.sty)
(/usr/local/texlive/2014/texmf-dist/tex/latex/comment/comment.sty
\CommentStream=\write3

Excluding comment 'comment')
\gator@hour=\count88
\gator@minute=\count89
\@shortcaptionsize=\skip43
)
(/usr/local/texlive/2014/texmf-dist/tex/latex/amsmath/amsmath.sty
Package: amsmath 2013/01/14 v2.14 AMS math features
\@mathmargin=\skip44

For additional information on amsmath, use the `?' option.
(/usr/local/texlive/2014/texmf-dist/tex/latex/amsmath/amstext.sty
Package: amstext 2000/06/29 v2.01

(/usr/local/texlive/2014/texmf-dist/tex/latex/amsmath/amsgen.sty
File: amsgen.sty 1999/11/30 v2.0
\@emptytoks=\toks14
\ex@=\dimen103
))
(/usr/local/texlive/2014/texmf-dist/tex/latex/amsmath/amsbsy.sty
Package: amsbsy 1999/11/29 v1.2d
\pmbraise@=\dimen104
)
(/usr/local/texlive/2014/texmf-dist/tex/latex/amsmath/amsopn.sty
Package: amsopn 1999/12/14 v2.01 operator names
)
\inf@bad=\count90
LaTeX Info: Redefining \frac on input line 210.
\uproot@=\count91
\leftroot@=\count92
LaTeX Info: Redefining \overline on input line 306.
\classnum@=\count93
\DOTSCASE@=\count94
LaTeX Info: Redefining \ldots on input line 378.
LaTeX Info: Redefining \dots on input line 381.
LaTeX Info: Redefining \cdots on input line 466.
\Mathstrutbox@=\box26
\strutbox@=\box27
\big@size=\dimen105
LaTeX Font Info:    Redeclaring font encoding OML on input line 566.
LaTeX Font Info:    Redeclaring font encoding OMS on input line 567.
\macc@depth=\count95
\c@MaxMatrixCols=\count96
\dotsspace@=\muskip10
\c@parentequation=\count97
\dspbrk@lvl=\count98
\tag@help=\toks15
\row@=\count99
\column@=\count100
\maxfields@=\count101
\andhelp@=\toks16
\eqnshift@=\dimen106
\alignsep@=\dimen107
\tagshift@=\dimen108
\tagwidth@=\dimen109
\totwidth@=\dimen110
\lineht@=\dimen111
\@envbody=\toks17
\multlinegap=\skip45
\multlinetaggap=\skip46
\mathdisplay@stack=\toks18
LaTeX Info: Redefining \[ on input line 2665.
LaTeX Info: Redefining \] on input line 2666.
)
(/usr/local/texlive/2014/texmf-dist/tex/latex/amsfonts/amssymb.sty
Package: amssymb 2013/01/14 v3.01 AMS font symbols

(/usr/local/texlive/2014/texmf-dist/tex/latex/amsfonts/amsfonts.sty
Package: amsfonts 2013/01/14 v3.01 Basic AMSFonts support
\symAMSa=\mathgroup4
\symAMSb=\mathgroup5
LaTeX Font Info:    Overwriting math alphabet `\mathfrak' in version `bold'
(Font)                  U/euf/m/n --> U/euf/b/n on input line 106.
))
(/usr/local/texlive/2014/texmf-dist/tex/latex/graphics/epsfig.sty
Package: epsfig 1999/02/16 v1.7a (e)psfig emulation (SPQR)

(/usr/local/texlive/2014/texmf-dist/tex/latex/graphics/graphicx.sty
Package: graphicx 2014/04/25 v1.0g Enhanced LaTeX Graphics (DPC,SPQR)

(/usr/local/texlive/2014/texmf-dist/tex/latex/graphics/keyval.sty
Package: keyval 2014/05/08 v1.15 key=value parser (DPC)
\KV@toks@=\toks19
)
(/usr/local/texlive/2014/texmf-dist/tex/latex/graphics/graphics.sty
Package: graphics 2009/02/05 v1.0o Standard LaTeX Graphics (DPC,SPQR)

(/usr/local/texlive/2014/texmf-dist/tex/latex/graphics/trig.sty
Package: trig 1999/03/16 v1.09 sin cos tan (DPC)
)
(/usr/local/texlive/2014/texmf-dist/tex/latex/latexconfig/graphics.cfg
File: graphics.cfg 2010/04/23 v1.9 graphics configuration of TeX Live
)
Package graphics Info: Driver file: pdftex.def on input line 91.

(/usr/local/texlive/2014/texmf-dist/tex/latex/pdftex-def/pdftex.def
File: pdftex.def 2011/05/27 v0.06d Graphics/color for pdfTeX

(/usr/local/texlive/2014/texmf-dist/tex/generic/oberdiek/infwarerr.sty
Package: infwarerr 2010/04/08 v1.3 Providing info/warning/error messages (HO)
)
(/usr/local/texlive/2014/texmf-dist/tex/generic/oberdiek/ltxcmds.sty
Package: ltxcmds 2011/11/09 v1.22 LaTeX kernel commands for general use (HO)
)
\Gread@gobject=\count102
))
\Gin@req@height=\dimen112
\Gin@req@width=\dimen113
)
\epsfxsize=\dimen114
\epsfysize=\dimen115
)
(/usr/local/texlive/2014/texmf-dist/tex/latex/url/url.sty
\Urlmuskip=\muskip11
Package: url 2013/09/16  ver 3.4  Verb mode for urls, etc.
)
(/usr/local/texlive/2014/texmf-dist/tex/latex/listings/listings.sty
\lst@mode=\count103
\lst@gtempboxa=\box28
\lst@token=\toks20
\lst@length=\count104
\lst@currlwidth=\dimen116
\lst@column=\count105
\lst@pos=\count106
\lst@lostspace=\dimen117
\lst@width=\dimen118
\lst@newlines=\count107
\lst@lineno=\count108
\lst@maxwidth=\dimen119

(/usr/local/texlive/2014/texmf-dist/tex/latex/listings/lstmisc.sty
File: lstmisc.sty 2014/03/04 1.5c (Carsten Heinz)
\c@lstnumber=\count109
\lst@skipnumbers=\count110
\lst@framebox=\box29
)
(/usr/local/texlive/2014/texmf-dist/tex/latex/listings/listings.cfg
File: listings.cfg 2014/03/04 1.5c listings configuration
))
Package: listings 2014/03/04 1.5c (Carsten Heinz)

(/usr/local/texlive/2014/texmf-dist/tex/latex/algorithm2e/algorithm2e.sty
Package: algorithm2e 2013/01/06 v5.00 algorithms environments
\c@AlgoLine=\count111

(/usr/local/texlive/2014/texmf-dist/tex/latex/tools/xspace.sty
Package: xspace 2009/10/20 v1.13 Space after command names (DPC,MH)
LaTeX Info: Redefining \xspace on input line 39.
)
(/usr/local/texlive/2014/texmf-dist/tex/latex/relsize/relsize.sty
Package: relsize 2013/03/29 ver 4.1
)
********************************************************
Package `algorithm2e' Release 5.0 -- january 06 2013 --
- algorithm2e-announce@lirmm.fr mailing list for announcement about releases
- algorithm2e-discussion@lirmm.fr mailing list for discussion about package
subscribe by emailing sympa@lirmm.fr with 'subscribe <list> <firstname name>'
- Author: Christophe Fiorio (cfiorio@um2.fr)
********************************************************
\skiptotal=\skip47
\skiplinenumber=\skip48
\skiprule=\skip49
\skiphlne=\skip50
\skiptext=\skip51
\skiplength=\skip52
\algomargin=\skip53
\skipalgocfslide=\skip54
\algowidth=\dimen120
\inoutsize=\dimen121
\inoutindent=\dimen122
\interspacetitleruled=\dimen123
\interspacealgoruled=\dimen124
\interspacetitleboxruled=\dimen125
\algocf@inoutbox=\box30
\algocf@inputbox=\box31
\AlCapSkip=\skip55
\AlCapHSkip=\skip56
\algoskipindent=\skip57
\algocf@nlbox=\box32
\algocf@hangingbox=\box33
\algocf@untilbox=\box34
\algocf@skipuntil=\skip58
\algocf@capbox=\box35
\algoheightruledefault=\skip59
\algoheightrule=\skip60
\algotitleheightruledefault=\skip61
\algotitleheightrule=\skip62
\c@algocfline=\count112
\c@algocfproc=\count113
\c@algocf=\count114
\algocf@algoframe=\box36
\algocf@algobox=\box37
) (./AllegThesis.aux (./abstract.aux) (./dedication.aux) (./ack.aux)
(./ch01_overview.aux) (./ch02_relatedwork.aux) (./ch03_methodofapproach.aux)
(./ch04_implementation.aux

LaTeX Warning: Label `Figure 1' multiply defined.

) (./ch05_conclusion.aux) (./appa.aux))
\openout1 = `AllegThesis.aux'.

LaTeX Font Info:    Checking defaults for OML/cmm/m/it on input line 101.
LaTeX Font Info:    ... okay on input line 101.
LaTeX Font Info:    Checking defaults for T1/cmr/m/n on input line 101.
LaTeX Font Info:    ... okay on input line 101.
LaTeX Font Info:    Checking defaults for OT1/cmr/m/n on input line 101.
LaTeX Font Info:    ... okay on input line 101.
LaTeX Font Info:    Checking defaults for OMS/cmsy/m/n on input line 101.
LaTeX Font Info:    ... okay on input line 101.
LaTeX Font Info:    Checking defaults for OMX/cmex/m/n on input line 101.
LaTeX Font Info:    ... okay on input line 101.
LaTeX Font Info:    Checking defaults for U/cmr/m/n on input line 101.
LaTeX Font Info:    ... okay on input line 101.

(/usr/local/texlive/2014/texmf-dist/tex/context/base/supp-pdf.mkii
[Loading MPS to PDF converter (version 2006.09.02).]
\scratchcounter=\count115
\scratchdimen=\dimen126
\scratchbox=\box38
\nofMPsegments=\count116
\nofMParguments=\count117
\everyMPshowfont=\toks21
\MPscratchCnt=\count118
\MPscratchDim=\dimen127
\MPnumerator=\count119
\makeMPintoPDFobject=\count120
\everyMPtoPDFconversion=\toks22
) (/usr/local/texlive/2014/texmf-dist/tex/generic/oberdiek/pdftexcmds.sty
Package: pdftexcmds 2011/11/29 v0.20 Utility functions of pdfTeX for LuaTeX (HO
)

(/usr/local/texlive/2014/texmf-dist/tex/generic/oberdiek/ifluatex.sty
Package: ifluatex 2010/03/01 v1.3 Provides the ifluatex switch (HO)
Package ifluatex Info: LuaTeX not detected.
)
(/usr/local/texlive/2014/texmf-dist/tex/generic/oberdiek/ifpdf.sty
Package: ifpdf 2011/01/30 v2.3 Provides the ifpdf switch (HO)
Package ifpdf Info: pdfTeX in PDF mode is detected.
)
Package pdftexcmds Info: LuaTeX not detected.
Package pdftexcmds Info: \pdf@primitive is available.
Package pdftexcmds Info: \pdf@ifprimitive is available.
Package pdftexcmds Info: \pdfdraftmode found.
)
(/usr/local/texlive/2014/texmf-dist/tex/latex/oberdiek/epstopdf-base.sty
Package: epstopdf-base 2010/02/09 v2.5 Base part for package epstopdf

(/usr/local/texlive/2014/texmf-dist/tex/latex/oberdiek/grfext.sty
Package: grfext 2010/08/19 v1.1 Manage graphics extensions (HO)

(/usr/local/texlive/2014/texmf-dist/tex/generic/oberdiek/kvdefinekeys.sty
Package: kvdefinekeys 2011/04/07 v1.3 Define keys (HO)
))
(/usr/local/texlive/2014/texmf-dist/tex/latex/oberdiek/kvoptions.sty
Package: kvoptions 2011/06/30 v3.11 Key value format for package options (HO)

(/usr/local/texlive/2014/texmf-dist/tex/generic/oberdiek/kvsetkeys.sty
Package: kvsetkeys 2012/04/25 v1.16 Key value parser (HO)

(/usr/local/texlive/2014/texmf-dist/tex/generic/oberdiek/etexcmds.sty
Package: etexcmds 2011/02/16 v1.5 Avoid name clashes with e-TeX commands (HO)
Package etexcmds Info: Could not find \expanded.
(etexcmds)             That can mean that you are not using pdfTeX 1.50 or
(etexcmds)             that some package has redefined \expanded.
(etexcmds)             In the latter case, load this package earlier.
)))
Package grfext Info: Graphics extension search list:
(grfext)             [.png,.pdf,.jpg,.mps,.jpeg,.jbig2,.jb2,.PNG,.PDF,.JPG,.JPE
G,.JBIG2,.JB2,.eps]
(grfext)             \AppendGraphicsExtensions on input line 452.

(/usr/local/texlive/2014/texmf-dist/tex/latex/latexconfig/epstopdf-sys.cfg
File: epstopdf-sys.cfg 2010/07/13 v1.3 Configuration of (r)epstopdf for TeX Liv
e
))
\c@lstlisting=\count121
LaTeX Font Info:    Try loading font information for U+msa on input line 129.

(/usr/local/texlive/2014/texmf-dist/tex/latex/amsfonts/umsa.fd
File: umsa.fd 2013/01/14 v3.01 AMS symbols A
)
LaTeX Font Info:    Try loading font information for U+msb on input line 129.

(/usr/local/texlive/2014/texmf-dist/tex/latex/amsfonts/umsb.fd
File: umsb.fd 2013/01/14 v3.01 AMS symbols B
) [1

{/usr/local/texlive/2014/texmf-var/fonts/map/pdftex/updmap/pdftex.map}]
LaTeX Font Info:    Try loading font information for OMS+cmr on input line 130.


(/usr/local/texlive/2014/texmf-dist/tex/latex/base/omscmr.fd
File: omscmr.fd 1999/05/25 v2.5h Standard LaTeX font definitions
)
LaTeX Font Info:    Font shape `OMS/cmr/m/n' in size <12> not available
(Font)              Font shape `OMS/cmsy/m/n' tried instead on input line 130.
 [2]
\openout2 = `abstract.aux'.


(./abstract.tex [3


])
\openout2 = `dedication.aux'.

 (./dedication.tex [4



])
\openout2 = `ack.aux'.


No file ack.tex.
(./AllegThesis.toc [5





])
\tf@toc=\write4
\openout4 = `AllegThesis.toc'.

 [6] (./AllegThesis.lof)
\tf@lof=\write5
\openout5 = `AllegThesis.lof'.


(/usr/local/texlive/2014/texmf-dist/tex/latex/listings/lstlang1.sty
File: lstlang1.sty 2014/03/04 1.5c listings language file
) [7


]
\openout2 = `ch01_overview.aux'.


(./ch01_overview.tex
Chapter 1.
[1



] [2] [3] [4]) [5]
\openout2 = `ch02_relatedwork.aux'.

 (./ch02_relatedwork.tex
Chapter 2.
[6




] [7] [8] <images/vanet.png, id=55, 963.6pt x 722.7pt>
File: images/vanet.png Graphic file (type png)

<use images/vanet.png>
Package pdftex.def Info: images/vanet.png used on input line 27.
(pdftex.def)             Requested size: 385.43317pt x 289.07487pt.
 [9]

LaTeX Warning: `h' float specifier changed to `ht'.

[10] [11 <./images/vanet.png>] [12]) [13] [14]
\openout2 = `ch03_methodofapproach.aux'.

 (./ch03_methodofapproach.tex
Chapter 3.
[15




] [16] [17] [18] [19] [20] [21] [22] [23] [24] [25] [26] [27]
(./trafficSim.params) [28] [29] [30] [31] [32] [33]) [34]
\openout2 = `ch04_implementation.aux'.


(./ch04_implementation.tex
Chapter 4.
<images/FitMute00.png, id=143, 963.6pt x 722.7pt>
File: images/FitMute00.png Graphic file (type png)
 <use images/FitMute00.png>
Package pdftex.def Info: images/FitMute00.png used on input line 8.
(pdftex.def)             Requested size: 722.7pt x 542.03468pt.

Overfull \hbox (144.54pt too wide) in paragraph at lines 8--9
[]| []|  
 []

[35




] <images/FitMute00Percent.png, id=147, 963.6pt x 722.7pt>
File: images/FitMute00Percent.png Graphic file (type png)

<use images/FitMute00Percent.png>
Package pdftex.def Info: images/FitMute00Percent.png used on input line 15.
(pdftex.def)             Requested size: 722.7pt x 542.03468pt.

Overfull \hbox (144.54pt too wide) in paragraph at lines 15--16
[]| []|  
 []


LaTeX Warning: `h' float specifier changed to `ht'.

[36 <./images/FitMute00.png>]
<images/FitMute02.png, id=153, 963.6pt x 722.7pt>
File: images/FitMute02.png Graphic file (type png)
 <use images/FitMute02.png>
Package pdftex.def Info: images/FitMute02.png used on input line 24.
(pdftex.def)             Requested size: 722.7pt x 542.03468pt.

Overfull \hbox (144.54pt too wide) in paragraph at lines 24--25
[]| []|  
 []


LaTeX Warning: `h' float specifier changed to `ht'.

<images/FitMut02Percent.png, id=154, 963.6pt x 722.7pt>
File: images/FitMut02Percent.png Graphic file (type png)

<use images/FitMut02Percent.png>
Package pdftex.def Info: images/FitMut02Percent.png used on input line 30.
(pdftex.def)             Requested size: 722.7pt x 542.03468pt.

Overfull \hbox (144.54pt too wide) in paragraph at lines 30--31
[]| []|  
 []


LaTeX Warning: `h' float specifier changed to `ht'.

<images/FitMut03.png, id=155, 963.6pt x 722.7pt>
File: images/FitMut03.png Graphic file (type png)
 <use images/FitMut03.png>
Package pdftex.def Info: images/FitMut03.png used on input line 36.
(pdftex.def)             Requested size: 722.7pt x 542.03468pt.

Overfull \hbox (144.54pt too wide) in paragraph at lines 36--37
[]| []|  
 []


LaTeX Warning: `h' float specifier changed to `ht'.

<images/FitMut03Per.png, id=156, 963.6pt x 722.7pt>
File: images/FitMut03Per.png Graphic file (type png)

<use images/FitMut03Per.png>
Package pdftex.def Info: images/FitMut03Per.png used on input line 42.
(pdftex.def)             Requested size: 722.7pt x 542.03468pt.

Overfull \hbox (144.54pt too wide) in paragraph at lines 42--43
[]| []|  
 []


LaTeX Warning: `h' float specifier changed to `ht'.

[37 <./images/FitMute00Percent.png>] [38 <./images/FitMute02.png>]) [39 <./imag
es/FitMut02Percent.png>] [40 <./images/FitMut03.png>] [41 <./images/FitMut03Per
.png>]
\openout2 = `ch05_conclusion.aux'.

 (./ch05_conclusion.tex
Chapter 5.
[42




] [43] [44]) [45]
\openout2 = `appa.aux'.

 (./appa.tex
Appendix A.
(./Code/AbstractSimulator.java [46




]) [47] (./Code/Simulator.java) [48]
(./Code/TrafficSimulator.java [49]) [50] (./Code/AbstractEvent.java) [51]
(./Code/Event.java) [52] (./Code/NodeEvent.java [53]) [54]
(./Code/CarEvent.java [55] [56] [57] [58]) [59] (./Code/RuntimeOperations.java
[60] [61] [62] [63] [64] [65] [66] [67] [68] [69] [70] [71] [72] [73] [74]
[75] [76] [77]) [78] (./Code/ECJPlug.java [79] [80] [81] [82] [83] [84]
[85] [86]) [87] (./Code/TrafficMap.java) [88] (./Code/Graph.java [89] [90])
[91] (./Code/Node.java [92] [93] [94] [95] [96] [97]) [98]
(./Code/DirectionalQueue.java [99]) [100] (./Code/Edge.java) [101]
(./Code/CarObj.java) [102] (./Code/CarGen.java [103] [104] [105] [106] [107]
[108] [109] [110] [111] [112] [113] [114] [115] [116] [117] [118] [119]
[120] [121] [122] [123] [124]) [125] (./Code/Cars.txt [126] [127] [128]
[129] [130] [131] [132] [133] [134] [135] [136]) [137] (./Code/Edge.txt
[138] [139] [140] [141] [142] [143] [144] [145] [146] [147] [148]) [149]
(./Code/Node.txt [150] [151] [152] [153] [154] [155] [156] [157]) [158]
(./Code/TrafficSim.java [159] [160] [161]) [162] (./Code/TrafficSim.params
[163]) [164] (./Code/ParamsGen.java [165] [166] [167]
Overfull \hbox (354.9785pt too wide) in paragraph at lines 42--44
[][] 
 []

[168] [169] [170] [171] [172] [173] [174])) [175] (./AllegThesis.bbl
Missing character: There is no â in font cmr12!
Missing character: There is no € in font cmr12!
Missing character: There is no ™ in font cmr12!

Underfull \hbox (badness 10000) in paragraph at lines 17--23
\OT1/cmtt/m/n/12 / / www . theatlanticcities . com / commute / 2012 / 06 / defe
nse-[]congestion /
 []

Missing character: There is no â in font cmti12!
Missing character: There is no € in font cmti12!
Missing character: There is no ™ in font cmti12!
)
THEPAGE 176
[176



] (./AllegThesis.aux (./abstract.aux) (./dedication.aux) (./ack.aux)
(./ch01_overview.aux) (./ch02_relatedwork.aux) (./ch03_methodofapproach.aux)
(./ch04_implementation.aux) (./ch05_conclusion.aux) (./appa.aux))

LaTeX Warning: There were multiply-defined labels.

 ) 
Here is how much of TeX's memory you used:
 6698 strings out of 493117
 91029 string characters out of 6135433
 481152 words of memory out of 5000000
 9934 multiletter control sequences out of 15000+600000
 11569 words of font info for 44 fonts, out of 8000000 for 9000
 1144 hyphenation exceptions out of 8191
 38i,23n,40p,2942b,1532s stack positions out of 5000i,500n,10000p,200000b,80000s
</usr/local/texlive/2014/texmf-dist/fonts/type1/public/amsfonts/cm/cmbx10.pfb
></usr/local/texlive/2014/texmf-dist/fonts/type1/public/amsfonts/cm/cmbx12.pfb>
</usr/local/texlive/2014/texmf-dist/fonts/type1/public/amsfonts/cm/cmitt10.pfb>
</usr/local/texlive/2014/texmf-dist/fonts/type1/public/amsfonts/cm/cmmi12.pfb><
/usr/local/texlive/2014/texmf-dist/fonts/type1/public/amsfonts/cm/cmr12.pfb></u
sr/local/texlive/2014/texmf-dist/fonts/type1/public/amsfonts/cm/cmsy10.pfb></us
r/local/texlive/2014/texmf-dist/fonts/type1/public/amsfonts/cm/cmti12.pfb></usr
/local/texlive/2014/texmf-dist/fonts/type1/public/amsfonts/cm/cmtt10.pfb></usr/
local/texlive/2014/texmf-dist/fonts/type1/public/amsfonts/cm/cmtt12.pfb>
Output written on AllegThesis.pdf (183 pages, 516383 bytes).
PDF statistics:
 646 PDF objects out of 1000 (max. 8388607)
 433 compressed objects within 5 object streams
 0 named destinations out of 1000 (max. 500000)
 36 words of extra memory for PDF output out of 10000 (max. 10000000)

